[3:13:47 PM] [main<-Threads/INFO]: Set workdir to D:\ProjectKotlin\KStg\.
[3:13:47 PM] [main<-ThreadExceptionHandler/INFO]: Crash Handler Command: [java, -jar, "D:\ProjectKotlin\KStg\./crash_handle/KStg.CrashHandler.jar", D:\ProjectKotlin\KStg\., 10892]
[3:13:47 PM] [main<-ThreadExceptionHandler/INFO]: Set Crash Handler, pid: 16572
[3:13:48 PM] [main<-GFXLoader/INFO]: Load textures from scripts.
[3:13:48 PM] [main<-GFXLoader/INFO]: Try to load textures from D:\ProjectKotlin\KStg\.\test\gfx\boss.kgfx
[3:13:48 PM] [main<-GFX/INFO]: Try to get engine resources, CallerClass: class top.kkoishi.stg.gfx.GFX
[3:13:48 PM] [main<-GFX/INFO]: Init TEXTURE_NOT_FOUND
[3:13:48 PM] [main<-GFX/INFO]: Try to load the texture: D:\ProjectKotlin\KStg\.\test\gfx/./icons/test_boss_0.png
[3:13:48 PM] [main<-GFX/INFO]: Try to cut the texture: test_boss_0 -> test_boss_0_0
[3:13:48 PM] [main<-GFX/INFO]: Begin: (0, 0), w=64, h=80
[3:13:48 PM] [main<-GFX/INFO]: Try to cut the texture: test_boss_0 -> test_boss_0_1
[3:13:48 PM] [main<-GFX/INFO]: Begin: (64, 0), w=64, h=80
[3:13:48 PM] [main<-GFX/INFO]: Try to cut the texture: test_boss_0 -> test_boss_0_2
[3:13:48 PM] [main<-GFX/INFO]: Begin: (128, 0), w=64, h=80
[3:13:48 PM] [main<-GFX/INFO]: Try to cut the texture: test_boss_0 -> test_boss_0_3
[3:13:48 PM] [main<-GFX/INFO]: Begin: (192, 0), w=64, h=80
[3:13:48 PM] [main<-GFX/INFO]: Try to cut the texture: test_boss_0 -> test_boss_1_0
[3:13:48 PM] [main<-GFX/INFO]: Begin: (0, 80), w=64, h=80
[3:13:48 PM] [main<-GFX/INFO]: Try to cut the texture: test_boss_0 -> test_boss_1_1
[3:13:48 PM] [main<-GFX/INFO]: Begin: (64, 80), w=64, h=80
[3:13:48 PM] [main<-GFX/INFO]: Try to cut the texture: test_boss_0 -> test_boss_1_2
[3:13:48 PM] [main<-GFX/INFO]: Begin: (128, 80), w=64, h=80
[3:13:48 PM] [main<-GFX/INFO]: Try to cut the texture: test_boss_0 -> test_boss_1_3
[3:13:48 PM] [main<-GFX/INFO]: Begin: (192, 80), w=64, h=80
[3:13:48 PM] [main<-GFX/INFO]: Try to cut the texture: test_boss_0 -> test_boss_2_0
[3:13:48 PM] [main<-GFX/INFO]: Begin: (0, 160), w=64, h=80
[3:13:48 PM] [main<-GFX/INFO]: Try to cut the texture: test_boss_0 -> test_boss_2_1
[3:13:48 PM] [main<-GFX/INFO]: Begin: (64, 160), w=64, h=80
[3:13:48 PM] [main<-GFX/INFO]: Try to cut the texture: test_boss_0 -> test_boss_2_2
[3:13:48 PM] [main<-GFX/INFO]: Begin: (128, 160), w=64, h=80
[3:13:48 PM] [main<-GFX/INFO]: Try to cut the texture: test_boss_0 -> test_boss_2_3
[3:13:48 PM] [main<-GFX/INFO]: Begin: (192, 160), w=64, h=80
[3:13:48 PM] [main<-GFXLoader/INFO]: Success to load all the textures from D:\ProjectKotlin\KStg\.\test\gfx\boss.kgfx
[3:13:48 PM] [main<-GFXLoader/INFO]: Try to load textures from D:\ProjectKotlin\KStg\.\test\gfx\bullets.kgfx
[3:13:48 PM] [main<-GFX/INFO]: Try to load the texture: D:\ProjectKotlin\KStg\.\test\gfx/./icons/test_img.png
[3:13:48 PM] [main<-GFX/INFO]: Try to load the texture: D:\ProjectKotlin\KStg\.\test\gfx/./icons/mirror.png
[3:13:48 PM] [main<-GFX/INFO]: Try to load the texture: D:\ProjectKotlin\KStg\.\test\gfx/./icons/bg_1_1.png
[3:13:48 PM] [main<-GFX/INFO]: Try to load the texture: D:\ProjectKotlin\KStg\.\test\gfx/./icons/ghost_fire.png
[3:13:48 PM] [main<-GFX/INFO]: Try to cut the texture: ghost_fire -> ghost_fire_0
[3:13:48 PM] [main<-GFX/INFO]: Begin: (0, 0), w=48, h=64
[3:13:48 PM] [main<-GFX/INFO]: Try to cut the texture: ghost_fire -> ghost_fire_1
[3:13:48 PM] [main<-GFX/INFO]: Begin: (48, 0), w=48, h=64
[3:13:48 PM] [main<-GFX/INFO]: Try to cut the texture: ghost_fire -> ghost_fire_2
[3:13:48 PM] [main<-GFX/INFO]: Begin: (96, 0), w=48, h=64
[3:13:48 PM] [main<-GFX/INFO]: Try to cut the texture: ghost_fire -> ghost_fire_3
[3:13:48 PM] [main<-GFX/INFO]: Begin: (144, 0), w=48, h=64
[3:13:48 PM] [main<-GFX/INFO]: Try to cut the texture: ghost_fire -> ghost_fire_4
[3:13:48 PM] [main<-GFX/INFO]: Begin: (192, 0), w=48, h=64
[3:13:48 PM] [main<-GFX/INFO]: Try to cut the texture: ghost_fire -> ghost_fire_5
[3:13:48 PM] [main<-GFX/INFO]: Begin: (240, 0), w=48, h=64
[3:13:48 PM] [main<-GFX/INFO]: Try to cut the texture: ghost_fire -> ghost_fire_6
[3:13:48 PM] [main<-GFX/INFO]: Begin: (288, 0), w=48, h=64
[3:13:48 PM] [main<-GFX/INFO]: Try to cut the texture: ghost_fire -> ghost_fire_7
[3:13:48 PM] [main<-GFX/INFO]: Begin: (336, 0), w=48, h=64
[3:13:48 PM] [main<-GFXLoader/INFO]: Success to load all the textures from D:\ProjectKotlin\KStg\.\test\gfx\bullets.kgfx
[3:13:48 PM] [main<-GFXLoader/INFO]: Try to load textures from D:\ProjectKotlin\KStg\.\test\gfx\fonts.kgfx
[3:13:48 PM] [main<-GFX/INFO]: Try to load the texture: D:\ProjectKotlin\KStg\.\test\gfx/./icons/font_num.png
[3:13:48 PM] [main<-GFX/INFO]: Try to cut the texture: font_num -> score_num
[3:13:48 PM] [main<-GFX/INFO]: Begin: (0, 18), w=256, h=18
[3:13:48 PM] [main<-Reflection/INFO]: Parse Method Descriptor: top.kkoishi.stg.test.Fonts.getScoreNumIndexes(C)Lkotlin/Pair;
[3:13:48 PM] [main<-Reflection/INFO]: Method Owner: class top.kkoishi.stg.test.Fonts
[3:13:48 PM] [main<-Reflection/INFO]: Method Return: class kotlin.Pair
[3:13:48 PM] [main<-Reflection/INFO]: Method Name: getScoreNumIndexes
[3:13:48 PM] [main<-Reflection/INFO]: Method Parameter: [char]
[3:13:48 PM] [main<-Reflection/INFO]: Parse method to (MethodHandle(char)Pair, null)
[3:13:48 PM] [main<-GFXLoader/INFO]: Success to load all the textures from D:\ProjectKotlin\KStg\.\test\gfx\fonts.kgfx
[3:13:48 PM] [main<-GFXLoader/INFO]: Try to load textures from D:\ProjectKotlin\KStg\.\test\gfx\player.kgfx
[3:13:48 PM] [main<-GFX/INFO]: Try to load the texture: D:\ProjectKotlin\KStg\.\test\gfx/./icons/center.png
[3:13:48 PM] [main<-GFX/INFO]: Try to load the texture: D:\ProjectKotlin\KStg\.\test\gfx/./icons/planes_koishi.png
[3:13:48 PM] [main<-GFX/INFO]: Try to load the texture: D:\ProjectKotlin\KStg\.\test\gfx/./icons/slow_effect.png
[3:13:48 PM] [main<-GFX/INFO]: Try to load the texture: D:\ProjectKotlin\KStg\.\test\gfx/./icons/bullets_0.png
[3:13:48 PM] [main<-GFX/INFO]: Try to load the texture: D:\ProjectKotlin\KStg\.\test\gfx/./icons/player_koishi_description.png
[3:13:48 PM] [main<-GFX/INFO]: Try to load the texture: D:\ProjectKotlin\KStg\.\test\gfx/./icons/player_koishi_me.png
[3:13:48 PM] [main<-GFX/INFO]: Try to cut the texture: player_koishi_me_full -> player_koishi_me
[3:13:48 PM] [main<-GFX/INFO]: Begin: (100, 0), w=412, h=512
[3:13:48 PM] [main<-GFX/INFO]: Try to cut the texture: planes_koishi -> bullet_koishi
[3:13:48 PM] [main<-GFX/INFO]: Begin: (220, 144), w=36, h=16
[3:13:48 PM] [main<-GFX/INFO]: Try to cut the texture: planes_koishi -> bullet_koishi_slow_0
[3:13:48 PM] [main<-GFX/INFO]: Begin: (177, 146), w=32, h=16
[3:13:48 PM] [main<-GFX/INFO]: Try to cut the texture: planes_koishi -> bullet_koishi_slow_1
[3:13:48 PM] [main<-GFX/INFO]: Begin: (220, 160), w=36, h=16
[3:13:48 PM] [main<-GFX/INFO]: Try to cut the texture: slow_effect -> slow_effect_final
[3:13:48 PM] [main<-GFX/INFO]: Begin: (0, 0), w=64, h=64
[3:13:48 PM] [main<-GFX/INFO]: Try to cut the texture: bullets_0 -> test_bullet
[3:13:48 PM] [main<-GFX/INFO]: Begin: (16, 68), w=16, h=15
[3:13:48 PM] [main<-GFX/INFO]: Try to cut the texture: planes_koishi -> plane_koishi_0_0
[3:13:48 PM] [main<-GFX/INFO]: Begin: (0, 0), w=32, h=48
[3:13:48 PM] [main<-GFX/INFO]: Try to cut the texture: planes_koishi -> plane_koishi_0_1
[3:13:48 PM] [main<-GFX/INFO]: Begin: (32, 0), w=32, h=48
[3:13:48 PM] [main<-GFX/INFO]: Try to cut the texture: planes_koishi -> plane_koishi_0_2
[3:13:48 PM] [main<-GFX/INFO]: Begin: (64, 0), w=32, h=48
[3:13:48 PM] [main<-GFX/INFO]: Try to cut the texture: planes_koishi -> plane_koishi_0_3
[3:13:48 PM] [main<-GFX/INFO]: Begin: (96, 0), w=32, h=48
[3:13:48 PM] [main<-GFX/INFO]: Try to cut the texture: planes_koishi -> plane_koishi_0_4
[3:13:48 PM] [main<-GFX/INFO]: Begin: (128, 0), w=32, h=48
[3:13:48 PM] [main<-GFX/INFO]: Try to cut the texture: planes_koishi -> plane_koishi_0_5
[3:13:48 PM] [main<-GFX/INFO]: Begin: (160, 0), w=32, h=48
[3:13:48 PM] [main<-GFX/INFO]: Try to cut the texture: planes_koishi -> plane_koishi_0_6
[3:13:48 PM] [main<-GFX/INFO]: Begin: (192, 0), w=32, h=48
[3:13:48 PM] [main<-GFX/INFO]: Try to cut the texture: planes_koishi -> plane_koishi_0_7
[3:13:48 PM] [main<-GFX/INFO]: Begin: (224, 0), w=32, h=48
[3:13:48 PM] [main<-GFX/INFO]: Try to cut the texture: planes_koishi -> plane_koishi_1_0
[3:13:48 PM] [main<-GFX/INFO]: Begin: (0, 48), w=32, h=48
[3:13:48 PM] [main<-GFX/INFO]: Try to cut the texture: planes_koishi -> plane_koishi_1_1
[3:13:48 PM] [main<-GFX/INFO]: Begin: (32, 48), w=32, h=48
[3:13:48 PM] [main<-GFX/INFO]: Try to cut the texture: planes_koishi -> plane_koishi_1_2
[3:13:48 PM] [main<-GFX/INFO]: Begin: (64, 48), w=32, h=48
[3:13:48 PM] [main<-GFX/INFO]: Try to cut the texture: planes_koishi -> plane_koishi_1_3
[3:13:48 PM] [main<-GFX/INFO]: Begin: (96, 48), w=32, h=48
[3:13:48 PM] [main<-GFX/INFO]: Try to cut the texture: planes_koishi -> plane_koishi_1_4
[3:13:48 PM] [main<-GFX/INFO]: Begin: (128, 48), w=32, h=48
[3:13:48 PM] [main<-GFX/INFO]: Try to cut the texture: planes_koishi -> plane_koishi_1_5
[3:13:48 PM] [main<-GFX/INFO]: Begin: (160, 48), w=32, h=48
[3:13:48 PM] [main<-GFX/INFO]: Try to cut the texture: planes_koishi -> plane_koishi_1_6
[3:13:48 PM] [main<-GFX/INFO]: Begin: (192, 48), w=32, h=48
[3:13:48 PM] [main<-GFX/INFO]: Try to cut the texture: planes_koishi -> plane_koishi_1_7
[3:13:48 PM] [main<-GFX/INFO]: Begin: (224, 48), w=32, h=48
[3:13:48 PM] [main<-GFX/INFO]: Try to cut the texture: planes_koishi -> plane_koishi_2_0
[3:13:48 PM] [main<-GFX/INFO]: Begin: (0, 96), w=32, h=48
[3:13:48 PM] [main<-GFX/INFO]: Try to cut the texture: planes_koishi -> plane_koishi_2_1
[3:13:48 PM] [main<-GFX/INFO]: Begin: (32, 96), w=32, h=48
[3:13:48 PM] [main<-GFX/INFO]: Try to cut the texture: planes_koishi -> plane_koishi_2_2
[3:13:48 PM] [main<-GFX/INFO]: Begin: (64, 96), w=32, h=48
[3:13:48 PM] [main<-GFX/INFO]: Try to cut the texture: planes_koishi -> plane_koishi_2_3
[3:13:48 PM] [main<-GFX/INFO]: Begin: (96, 96), w=32, h=48
[3:13:48 PM] [main<-GFX/INFO]: Try to cut the texture: planes_koishi -> plane_koishi_2_4
[3:13:48 PM] [main<-GFX/INFO]: Begin: (128, 96), w=32, h=48
[3:13:48 PM] [main<-GFX/INFO]: Try to cut the texture: planes_koishi -> plane_koishi_2_5
[3:13:48 PM] [main<-GFX/INFO]: Begin: (160, 96), w=32, h=48
[3:13:48 PM] [main<-GFX/INFO]: Try to cut the texture: planes_koishi -> plane_koishi_2_6
[3:13:48 PM] [main<-GFX/INFO]: Begin: (192, 96), w=32, h=48
[3:13:48 PM] [main<-GFX/INFO]: Try to cut the texture: planes_koishi -> plane_koishi_2_7
[3:13:48 PM] [main<-GFX/INFO]: Begin: (224, 96), w=32, h=48
[3:13:48 PM] [main<-GFXLoader/INFO]: Success to load all the textures from D:\ProjectKotlin\KStg\.\test\gfx\player.kgfx
[3:13:48 PM] [main<-GFXLoader/INFO]: Try to load textures from D:\ProjectKotlin\KStg\.\test\gfx\ui_objects.kgfx
[3:13:48 PM] [main<-GFX/INFO]: Try to load the texture: D:\ProjectKotlin\KStg\.\test\gfx/./icons/interface.png
[3:13:48 PM] [main<-GFX/INFO]: Try to load the texture: D:\ProjectKotlin\KStg\.\test\gfx/./icons/ui.png
[3:13:48 PM] [main<-GFX/INFO]: Try to load the texture: D:\ProjectKotlin\KStg\.\test\gfx/./icons/menu_bg.png
[3:13:48 PM] [main<-GFX/INFO]: Try to load the texture: D:\ProjectKotlin\KStg\.\test\gfx/./icons/main_menu_items.png
[3:13:48 PM] [main<-GFX/INFO]: Try to load the texture: D:\ProjectKotlin\KStg\.\test\gfx/./icons/pause_menu_items.png
[3:13:48 PM] [main<-GFX/INFO]: Try to load the texture: D:\ProjectKotlin\KStg\.\test\gfx/./icons/main_menu_select.png
[3:13:48 PM] [main<-GFX/INFO]: Try to load the texture: D:\ProjectKotlin\KStg\.\test\gfx/./icons/stage_clear.png
[3:13:48 PM] [main<-GFX/INFO]: Try to cut the texture: ui_base -> ui_sidebar
[3:13:48 PM] [main<-GFX/INFO]: Begin: (0, 0), w=640, h=480
[3:13:48 PM] [main<-GFX/INFO]: Try to cut the texture: interface -> ui_diff_easy
[3:13:48 PM] [main<-GFX/INFO]: Begin: (0, 61), w=68, h=26
[3:13:48 PM] [main<-GFX/INFO]: Try to cut the texture: ui_base -> ui_score
[3:13:48 PM] [main<-GFX/INFO]: Begin: (704, 0), w=60, h=21
[3:13:48 PM] [main<-GFX/INFO]: Try to cut the texture: main_menu_select -> main_menu_select_0
[3:13:48 PM] [main<-GFX/INFO]: Begin: (1, 209), w=300, h=30
[3:13:48 PM] [main<-GFX/INFO]: Try to cut the texture: main_menu_select -> main_menu_select_1
[3:13:48 PM] [main<-GFX/INFO]: Begin: (1, 239), w=300, h=30
[3:13:48 PM] [main<-GFX/INFO]: Try to cut the texture: main_menu_select -> main_menu_select_2
[3:13:48 PM] [main<-GFX/INFO]: Begin: (1, 269), w=300, h=30
[3:13:48 PM] [main<-GFX/INFO]: Try to cut the texture: main_menu_select -> main_menu_select_3
[3:13:48 PM] [main<-GFX/INFO]: Begin: (1, 299), w=300, h=30
[3:13:48 PM] [main<-GFX/INFO]: Try to cut the texture: main_menu_items -> main_menu_start
[3:13:48 PM] [main<-GFX/INFO]: Begin: (20, 14), w=150, h=30
[3:13:48 PM] [main<-GFX/INFO]: Try to cut the texture: main_menu_items -> main_menu_extra_start
[3:13:48 PM] [main<-GFX/INFO]: Begin: (20, 44), w=150, h=30
[3:13:48 PM] [main<-GFX/INFO]: Try to cut the texture: main_menu_items -> main_menu_practice
[3:13:48 PM] [main<-GFX/INFO]: Begin: (20, 74), w=150, h=30
[3:13:48 PM] [main<-GFX/INFO]: Try to cut the texture: main_menu_items -> main_menu_exit
[3:13:48 PM] [main<-GFX/INFO]: Begin: (20, 284), w=150, h=30
[3:13:48 PM] [main<-GFX/INFO]: Try to cut the texture: ui_base -> reimu_baisi
[3:13:48 PM] [main<-GFX/INFO]: Begin: (0, 544), w=640, h=480
[3:13:48 PM] [main<-GFX/INFO]: Try to cut the texture: pause_menu_items -> pause_continue
[3:13:48 PM] [main<-GFX/INFO]: Begin: (0, 0), w=180, h=34
[3:13:48 PM] [main<-GFX/INFO]: Try to cut the texture: pause_menu_items -> pause_restart
[3:13:48 PM] [main<-GFX/INFO]: Begin: (0, 152), w=180, h=34
[3:13:48 PM] [main<-GFX/INFO]: Try to cut the texture: pause_menu_items -> pause_return_menu
[3:13:48 PM] [main<-GFX/INFO]: Begin: (0, 37), w=180, h=34
[3:13:48 PM] [main<-GFXLoader/INFO]: Success to load all the textures from D:\ProjectKotlin\KStg\.\test\gfx\ui_objects.kgfx
[3:13:48 PM] [main<-AudioLoader/INFO]: Load audios from scripts.
[3:13:48 PM] [main<-AudioLoader/INFO]: Try to audios textures from D:\ProjectKotlin\KStg\.\test\audio\effects.txt
[3:13:48 PM] [main<-Sounds/INFO]: Try to get engine resources, CallerClass: class top.kkoishi.stg.audio.Sounds
[3:13:48 PM] [main<-AudioLoader/INFO]: Success to load all the audios from D:\ProjectKotlin\KStg\.\test\audio\effects.txt
[3:13:48 PM] [main<-FastBootstrapper/INFO]: Try to get engine resources, CallerClass: class top.kkoishi.stg.boot.FastBootstrapper
[3:13:48 PM] [AWT-EventQueue-0<-null/INFO]: Gained focus, try to resync again.
[3:13:49 PM] [main<-Companion/INFO]: Stop current background.
[3:13:49 PM] [main<-Companion/INFO]: Opening new background audio...
[3:13:49 PM] [main<-Companion/INFO]: Set the background to Audio(path=D:\ProjectKotlin\KStg\.\test\audio\.\sounds\bk_0.wav)
[3:13:49 PM] [main<-Threads/INFO]: Add a new thread top.kkoishi.stg.logic.InfoSystem@1ddf84b8
[3:13:49 PM] [main<-Threads/INFO]: Add a new thread top.kkoishi.stg.gfx.Renderer@7a69b07
[3:13:49 PM] [main<-Threads/INFO]: Add a new thread top.kkoishi.stg.logic.GameLoop@3f197a46
[3:13:49 PM] [main<-Threads/INFO]: Add a new thread top.kkoishi.stg.audio.AudioPlayer@50a638b5
[3:13:49 PM] [Pool-1[0] Worker<-InfoSystem/INFO]: Try to GC.
[3:13:50 PM] [Pool-1[0] Worker<-MainMenuItem/INFO]: Press key: 90
[3:13:50 PM] [Pool-1[7] Worker<-PlayerSelectMenuItem/INFO]: Press key: 90
[3:13:50 PM] [Pool-1[7] Worker<-ReplayRecorder/INFO]: Initialize record replay.
[3:13:50 PM] [Pool-1[7] Worker<-AbstractStage/INFO]: Add new action: top.kkoishi.stg.common.StageAction@1ec87038
[3:13:50 PM] [Pool-1[7] Worker<-AbstractStage/INFO]: Add new action: top.kkoishi.stg.common.StageAction@51302ba6
[3:13:50 PM] [Pool-1[7] Worker<-AbstractStage/INFO]: Add new action: top.kkoishi.stg.test.common.stages.Stage1$3@3f2ba9d0
[3:13:50 PM] [Pool-1[7] Worker<-AbstractStage/INFO]: Add new action: top.kkoishi.stg.test.common.stages.Stage1$5@15389557
[3:13:50 PM] [Pool-1[7] Worker<-AbstractStage/INFO]: Add new action: top.kkoishi.stg.test.common.stages.Stage1$7@a2ac717
[3:13:50 PM] [Pool-1[7] Worker<-AbstractStage/INFO]: Add new action: top.kkoishi.stg.test.common.stages.Stage1$9@58c6381e
[3:13:50 PM] [Thread-1<-ReplayRecorder/INFO]: Start record replay.
[3:13:50 PM] [Pool-1[1] Worker<-Companion/INFO]: Stop current background.
[3:13:50 PM] [Pool-1[1] Worker<-Companion/INFO]: Opening new background audio...
[3:13:51 PM] [Pool-1[1] Worker<-Companion/INFO]: Set the background to Audio(path=D:\ProjectKotlin\KStg\.\test\audio\.\sounds\bk_1.wav)
[3:13:51 PM] [Pool-1[1] Worker<-AbstractStage/INFO]: Invoke the action: top.kkoishi.stg.common.StageAction@1ec87038
[3:13:51 PM] [Pool-1[6] Worker<-AbstractStage/INFO]: Invoke the action: top.kkoishi.stg.common.StageAction@51302ba6
[3:13:51 PM] [Pool-1[7] Worker<-AudioPlayer/INFO]: create new clip: Audio(path=D:\ProjectKotlin\KStg\.\test\audio\.\sounds\enemy_shoot.wav) -> com.sun.media.sound.DirectAudioDevice$DirectClip@25468d4a
[3:13:52 PM] [Pool-1[5] Worker<-AudioPlayer/INFO]: create new clip: Audio(path=D:\ProjectKotlin\KStg\.\test\audio\.\sounds\th15_player_shot_0.wav) -> com.sun.media.sound.DirectAudioDevice$DirectClip@2e5435f9
[3:13:55 PM] [Pool-1[2] Worker<-InfoSystem/INFO]: LogicFrame pre second: 48.27502133365842, FPS: 48.27502133365842;Bullets count: 108
[3:13:56 PM] [main<-Player/INFO]: Pause the game.
[3:13:57 PM] [Pool-1[7] Worker<-PauseMenuItem/INFO]: Press key: 27
[3:13:59 PM] [Pool-1[1] Worker<-AudioPlayer/INFO]: create new clip: Audio(path=D:\ProjectKotlin\KStg\.\test\audio\.\sounds\th15_enemy_damage_02.wav) -> com.sun.media.sound.DirectAudioDevice$DirectClip@8dfab45
[3:13:59 PM] [main<-Player/INFO]: Pause the game.
[3:13:59 PM] [Pool-1[7] Worker<-PauseMenuItem/INFO]: Press key: 40
[3:14:00 PM] [Pool-1[1] Worker<-PauseMenuItem/INFO]: Press key: 90
[3:14:00 PM] [Pool-1[1] Worker<-Companion/INFO]: Stop current background.
[3:14:00 PM] [Pool-1[1] Worker<-Companion/INFO]: Opening new background audio...
[3:14:00 PM] [Pool-1[1] Worker<-Companion/INFO]: Set the background to Audio(path=D:\ProjectKotlin\KStg\.\test\audio\.\sounds\bk_0.wav)
[3:14:00 PM] [Thread-1<-ReplayRecorder/INFO]: End to record replay, Frames: 0x22c
[3:14:00 PM] [Pool-1[6] Worker<-MainMenuItem/INFO]: Press key: 40
[3:14:00 PM] [Pool-1[2] Worker<-MainMenuItem/INFO]: Press key: 40
[3:14:00 PM] [Pool-1[4] Worker<-MainMenuItem/INFO]: Press key: 40
[3:14:01 PM] [Pool-1[5] Worker<-MainMenuItem/INFO]: Press key: 90
[3:14:01 PM] [Pool-1[5] Worker<-SingleInstanceEnsurer/INFO]: Release the file lock on java.io.RandomAccessFile@6e0bb714
[3:14:01 PM] [Thread-0<-CrashReporter/INFO]: Bin file cleared.
